{"D:\\Аналіз та рефакторинг коду\\Project\\original_code\\P\\controllers\\adminController.js": {"path":"D:\\Аналіз та рефакторинг коду\\Project\\original_code\\P\\controllers\\adminController.js","statementMap":{"0":{"start":{"line":1,"column":14},"end":{"line":1,"column":40}},"1":{"start":{"line":2,"column":20},"end":{"line":2,"column":52}},"2":{"start":{"line":3,"column":13},"end":{"line":3,"column":38}},"3":{"start":{"line":4,"column":18},"end":{"line":4,"column":48}},"4":{"start":{"line":5,"column":15},"end":{"line":5,"column":32}},"5":{"start":{"line":6,"column":13},"end":{"line":6,"column":28}},"6":{"start":{"line":8,"column":19},"end":{"line":8,"column":56}},"7":{"start":{"line":11,"column":16},"end":{"line":20,"column":2}},"8":{"start":{"line":13,"column":8},"end":{"line":13,"column":35}},"9":{"start":{"line":16,"column":29},"end":{"line":16,"column":79}},"10":{"start":{"line":17,"column":26},"end":{"line":17,"column":57}},"11":{"start":{"line":18,"column":8},"end":{"line":18,"column":43}},"12":{"start":{"line":22,"column":15},"end":{"line":22,"column":43}},"13":{"start":{"line":24,"column":0},"end":{"line":26,"column":2}},"14":{"start":{"line":25,"column":4},"end":{"line":25,"column":24}},"15":{"start":{"line":28,"column":0},"end":{"line":37,"column":2}},"16":{"start":{"line":29,"column":4},"end":{"line":36,"column":11}},"17":{"start":{"line":31,"column":12},"end":{"line":31,"column":53}},"18":{"start":{"line":34,"column":12},"end":{"line":34,"column":57}},"19":{"start":{"line":35,"column":12},"end":{"line":35,"column":58}},"20":{"start":{"line":39,"column":0},"end":{"line":47,"column":2}},"21":{"start":{"line":40,"column":4},"end":{"line":46,"column":5}},"22":{"start":{"line":41,"column":29},"end":{"line":41,"column":56}},"23":{"start":{"line":42,"column":8},"end":{"line":42,"column":67}},"24":{"start":{"line":44,"column":8},"end":{"line":44,"column":59}},"25":{"start":{"line":45,"column":8},"end":{"line":45,"column":60}},"26":{"start":{"line":49,"column":0},"end":{"line":57,"column":2}},"27":{"start":{"line":50,"column":4},"end":{"line":56,"column":5}},"28":{"start":{"line":51,"column":23},"end":{"line":51,"column":43}},"29":{"start":{"line":52,"column":8},"end":{"line":52,"column":53}},"30":{"start":{"line":54,"column":8},"end":{"line":54,"column":53}},"31":{"start":{"line":55,"column":8},"end":{"line":55,"column":54}},"32":{"start":{"line":59,"column":0},"end":{"line":110,"column":2}},"33":{"start":{"line":62,"column":79},"end":{"line":62,"column":87}},"34":{"start":{"line":63,"column":25},"end":{"line":63,"column":73}},"35":{"start":{"line":65,"column":8},"end":{"line":108,"column":9}},"36":{"start":{"line":67,"column":12},"end":{"line":75,"column":15}},"37":{"start":{"line":80,"column":35},"end":{"line":80,"column":82}},"38":{"start":{"line":80,"column":70},"end":{"line":80,"column":81}},"39":{"start":{"line":82,"column":12},"end":{"line":96,"column":13}},"40":{"start":{"line":83,"column":40},"end":{"line":83,"column":96}},"41":{"start":{"line":84,"column":16},"end":{"line":95,"column":17}},"42":{"start":{"line":85,"column":43},"end":{"line":85,"column":92}},"43":{"start":{"line":87,"column":20},"end":{"line":92,"column":23}},"44":{"start":{"line":94,"column":20},"end":{"line":94,"column":91}},"45":{"start":{"line":99,"column":12},"end":{"line":102,"column":13}},"46":{"start":{"line":100,"column":16},"end":{"line":100,"column":42}},"47":{"start":{"line":101,"column":16},"end":{"line":101,"column":65}},"48":{"start":{"line":104,"column":12},"end":{"line":104,"column":42}},"49":{"start":{"line":106,"column":12},"end":{"line":106,"column":53}},"50":{"start":{"line":107,"column":12},"end":{"line":107,"column":54}},"51":{"start":{"line":112,"column":0},"end":{"line":147,"column":2}},"52":{"start":{"line":113,"column":19},"end":{"line":113,"column":32}},"53":{"start":{"line":115,"column":4},"end":{"line":146,"column":5}},"54":{"start":{"line":117,"column":21},"end":{"line":117,"column":48}},"55":{"start":{"line":119,"column":8},"end":{"line":121,"column":9}},"56":{"start":{"line":120,"column":12},"end":{"line":120,"column":58}},"57":{"start":{"line":124,"column":31},"end":{"line":124,"column":83}},"58":{"start":{"line":124,"column":71},"end":{"line":124,"column":82}},"59":{"start":{"line":127,"column":8},"end":{"line":133,"column":9}},"60":{"start":{"line":128,"column":12},"end":{"line":132,"column":15}},"61":{"start":{"line":136,"column":8},"end":{"line":140,"column":11}},"62":{"start":{"line":142,"column":8},"end":{"line":142,"column":38}},"63":{"start":{"line":144,"column":8},"end":{"line":144,"column":51}},"64":{"start":{"line":145,"column":8},"end":{"line":145,"column":52}},"65":{"start":{"line":149,"column":0},"end":{"line":169,"column":2}},"66":{"start":{"line":150,"column":4},"end":{"line":168,"column":5}},"67":{"start":{"line":151,"column":31},"end":{"line":153,"column":10}},"68":{"start":{"line":154,"column":8},"end":{"line":165,"column":9}},"69":{"start":{"line":155,"column":30},"end":{"line":155,"column":55}},"70":{"start":{"line":156,"column":24},"end":{"line":156,"column":34}},"71":{"start":{"line":157,"column":25},"end":{"line":157,"column":60}},"72":{"start":{"line":158,"column":28},"end":{"line":158,"column":52}},"73":{"start":{"line":160,"column":12},"end":{"line":164,"column":13}},"74":{"start":{"line":161,"column":16},"end":{"line":161,"column":44}},"75":{"start":{"line":162,"column":16},"end":{"line":162,"column":35}},"76":{"start":{"line":163,"column":16},"end":{"line":163,"column":78}},"77":{"start":{"line":167,"column":8},"end":{"line":167,"column":61}},"78":{"start":{"line":171,"column":0},"end":{"line":182,"column":2}},"79":{"start":{"line":172,"column":4},"end":{"line":181,"column":5}},"80":{"start":{"line":173,"column":8},"end":{"line":173,"column":42}},"81":{"start":{"line":174,"column":23},"end":{"line":176,"column":10}},"82":{"start":{"line":177,"column":8},"end":{"line":177,"column":49}},"83":{"start":{"line":179,"column":8},"end":{"line":179,"column":53}},"84":{"start":{"line":180,"column":8},"end":{"line":180,"column":54}}},"fnMap":{"0":{"name":"(anonymous_0)","decl":{"start":{"line":12,"column":17},"end":{"line":12,"column":18}},"loc":{"start":{"line":12,"column":36},"end":{"line":14,"column":5}},"line":12},"1":{"name":"(anonymous_1)","decl":{"start":{"line":15,"column":14},"end":{"line":15,"column":15}},"loc":{"start":{"line":15,"column":33},"end":{"line":19,"column":5}},"line":15},"2":{"name":"(anonymous_2)","decl":{"start":{"line":24,"column":28},"end":{"line":24,"column":29}},"loc":{"start":{"line":24,"column":42},"end":{"line":26,"column":1}},"line":24},"3":{"name":"(anonymous_3)","decl":{"start":{"line":28,"column":20},"end":{"line":28,"column":21}},"loc":{"start":{"line":28,"column":34},"end":{"line":37,"column":1}},"line":28},"4":{"name":"(anonymous_4)","decl":{"start":{"line":30,"column":14},"end":{"line":30,"column":15}},"loc":{"start":{"line":30,"column":26},"end":{"line":32,"column":9}},"line":30},"5":{"name":"(anonymous_5)","decl":{"start":{"line":33,"column":15},"end":{"line":33,"column":16}},"loc":{"start":{"line":33,"column":24},"end":{"line":36,"column":9}},"line":33},"6":{"name":"(anonymous_6)","decl":{"start":{"line":39,"column":26},"end":{"line":39,"column":27}},"loc":{"start":{"line":39,"column":46},"end":{"line":47,"column":1}},"line":39},"7":{"name":"(anonymous_7)","decl":{"start":{"line":49,"column":20},"end":{"line":49,"column":21}},"loc":{"start":{"line":49,"column":40},"end":{"line":57,"column":1}},"line":49},"8":{"name":"(anonymous_8)","decl":{"start":{"line":61,"column":4},"end":{"line":61,"column":5}},"loc":{"start":{"line":61,"column":24},"end":{"line":109,"column":5}},"line":61},"9":{"name":"(anonymous_9)","decl":{"start":{"line":80,"column":62},"end":{"line":80,"column":63}},"loc":{"start":{"line":80,"column":70},"end":{"line":80,"column":81}},"line":80},"10":{"name":"(anonymous_10)","decl":{"start":{"line":112,"column":21},"end":{"line":112,"column":22}},"loc":{"start":{"line":112,"column":41},"end":{"line":147,"column":1}},"line":112},"11":{"name":"(anonymous_11)","decl":{"start":{"line":124,"column":63},"end":{"line":124,"column":64}},"loc":{"start":{"line":124,"column":71},"end":{"line":124,"column":82}},"line":124},"12":{"name":"(anonymous_12)","decl":{"start":{"line":149,"column":28},"end":{"line":149,"column":29}},"loc":{"start":{"line":149,"column":40},"end":{"line":169,"column":1}},"line":149},"13":{"name":"(anonymous_13)","decl":{"start":{"line":171,"column":20},"end":{"line":171,"column":21}},"loc":{"start":{"line":171,"column":40},"end":{"line":182,"column":1}},"line":171}},"branchMap":{"0":{"loc":{"start":{"line":63,"column":25},"end":{"line":63,"column":73}},"type":"cond-expr","locations":[{"start":{"line":63,"column":36},"end":{"line":63,"column":66}},{"start":{"line":63,"column":69},"end":{"line":63,"column":73}}],"line":63},"1":{"loc":{"start":{"line":74,"column":27},"end":{"line":74,"column":60}},"type":"cond-expr","locations":[{"start":{"line":74,"column":48},"end":{"line":74,"column":52}},{"start":{"line":74,"column":55},"end":{"line":74,"column":60}}],"line":74},"2":{"loc":{"start":{"line":84,"column":16},"end":{"line":95,"column":17}},"type":"if","locations":[{"start":{"line":84,"column":16},"end":{"line":95,"column":17}},{"start":{"line":93,"column":23},"end":{"line":95,"column":17}}],"line":84},"3":{"loc":{"start":{"line":99,"column":12},"end":{"line":102,"column":13}},"type":"if","locations":[{"start":{"line":99,"column":12},"end":{"line":102,"column":13}},{"start":{},"end":{}}],"line":99},"4":{"loc":{"start":{"line":119,"column":8},"end":{"line":121,"column":9}},"type":"if","locations":[{"start":{"line":119,"column":8},"end":{"line":121,"column":9}},{"start":{},"end":{}}],"line":119},"5":{"loc":{"start":{"line":160,"column":12},"end":{"line":164,"column":13}},"type":"if","locations":[{"start":{"line":160,"column":12},"end":{"line":164,"column":13}},{"start":{},"end":{}}],"line":160}},"s":{"0":1,"1":1,"2":1,"3":1,"4":1,"5":1,"6":1,"7":1,"8":0,"9":0,"10":0,"11":0,"12":1,"13":1,"14":0,"15":1,"16":0,"17":0,"18":0,"19":0,"20":1,"21":0,"22":0,"23":0,"24":0,"25":0,"26":1,"27":0,"28":0,"29":0,"30":0,"31":0,"32":1,"33":0,"34":0,"35":0,"36":0,"37":0,"38":0,"39":0,"40":0,"41":0,"42":0,"43":0,"44":0,"45":0,"46":0,"47":0,"48":0,"49":0,"50":0,"51":1,"52":0,"53":0,"54":0,"55":0,"56":0,"57":0,"58":0,"59":0,"60":0,"61":0,"62":0,"63":0,"64":0,"65":1,"66":1,"67":1,"68":1,"69":0,"70":0,"71":0,"72":0,"73":0,"74":0,"75":0,"76":0,"77":0,"78":1,"79":1,"80":1,"81":1,"82":1,"83":0,"84":0},"f":{"0":0,"1":0,"2":0,"3":0,"4":0,"5":0,"6":0,"7":0,"8":0,"9":0,"10":0,"11":0,"12":1,"13":1},"b":{"0":[0,0],"1":[0,0],"2":[0,0],"3":[0,0],"4":[0,0],"5":[0,0]},"_coverageSchema":"1a1c01bbd47fc00a2c39e90264f33305004495a9","hash":"41ac7cc52cb018a8a6da9b3298522c2ca285f0a0"}
,"D:\\Аналіз та рефакторинг коду\\Project\\original_code\\P\\controllers\\bookingController.js": {"path":"D:\\Аналіз та рефакторинг коду\\Project\\original_code\\P\\controllers\\bookingController.js","statementMap":{"0":{"start":{"line":1,"column":20},"end":{"line":1,"column":52}},"1":{"start":{"line":3,"column":0},"end":{"line":23,"column":2}},"2":{"start":{"line":4,"column":23},"end":{"line":4,"column":79}},"3":{"start":{"line":5,"column":2},"end":{"line":5,"column":46}},"4":{"start":{"line":7,"column":2},"end":{"line":22,"column":5}},"5":{"start":{"line":11,"column":27},"end":{"line":15,"column":7}},"6":{"start":{"line":11,"column":60},"end":{"line":15,"column":5}},"7":{"start":{"line":17,"column":4},"end":{"line":17,"column":81}},"8":{"start":{"line":18,"column":4},"end":{"line":18,"column":60}},"9":{"start":{"line":21,"column":4},"end":{"line":21,"column":56}},"10":{"start":{"line":25,"column":0},"end":{"line":43,"column":2}},"11":{"start":{"line":26,"column":70},"end":{"line":26,"column":78}},"12":{"start":{"line":29,"column":2},"end":{"line":42,"column":71}},"13":{"start":{"line":33,"column":4},"end":{"line":35,"column":5}},"14":{"start":{"line":34,"column":6},"end":{"line":34,"column":71}},"15":{"start":{"line":38,"column":4},"end":{"line":40,"column":72}},"16":{"start":{"line":39,"column":18},"end":{"line":39,"column":35}},"17":{"start":{"line":40,"column":22},"end":{"line":40,"column":70}},"18":{"start":{"line":42,"column":18},"end":{"line":42,"column":69}}},"fnMap":{"0":{"name":"(anonymous_0)","decl":{"start":{"line":3,"column":25},"end":{"line":3,"column":26}},"loc":{"start":{"line":3,"column":39},"end":{"line":23,"column":1}},"line":3},"1":{"name":"(anonymous_1)","decl":{"start":{"line":10,"column":8},"end":{"line":10,"column":9}},"loc":{"start":{"line":10,"column":26},"end":{"line":19,"column":3}},"line":10},"2":{"name":"(anonymous_2)","decl":{"start":{"line":11,"column":44},"end":{"line":11,"column":45}},"loc":{"start":{"line":11,"column":60},"end":{"line":15,"column":5}},"line":11},"3":{"name":"(anonymous_3)","decl":{"start":{"line":20,"column":9},"end":{"line":20,"column":10}},"loc":{"start":{"line":20,"column":18},"end":{"line":22,"column":3}},"line":20},"4":{"name":"(anonymous_4)","decl":{"start":{"line":25,"column":23},"end":{"line":25,"column":24}},"loc":{"start":{"line":25,"column":37},"end":{"line":43,"column":1}},"line":25},"5":{"name":"(anonymous_5)","decl":{"start":{"line":32,"column":8},"end":{"line":32,"column":9}},"loc":{"start":{"line":32,"column":33},"end":{"line":41,"column":3}},"line":32},"6":{"name":"(anonymous_6)","decl":{"start":{"line":39,"column":12},"end":{"line":39,"column":13}},"loc":{"start":{"line":39,"column":18},"end":{"line":39,"column":35}},"line":39},"7":{"name":"(anonymous_7)","decl":{"start":{"line":40,"column":13},"end":{"line":40,"column":14}},"loc":{"start":{"line":40,"column":22},"end":{"line":40,"column":70}},"line":40},"8":{"name":"(anonymous_8)","decl":{"start":{"line":42,"column":9},"end":{"line":42,"column":10}},"loc":{"start":{"line":42,"column":18},"end":{"line":42,"column":69}},"line":42}},"branchMap":{"0":{"loc":{"start":{"line":4,"column":23},"end":{"line":4,"column":79}},"type":"binary-expr","locations":[{"start":{"line":4,"column":23},"end":{"line":4,"column":37}},{"start":{"line":4,"column":41},"end":{"line":4,"column":79}}],"line":4},"1":{"loc":{"start":{"line":33,"column":4},"end":{"line":35,"column":5}},"type":"if","locations":[{"start":{"line":33,"column":4},"end":{"line":35,"column":5}},{"start":{},"end":{}}],"line":33}},"s":{"0":1,"1":1,"2":0,"3":0,"4":0,"5":0,"6":0,"7":0,"8":0,"9":0,"10":1,"11":0,"12":0,"13":0,"14":0,"15":0,"16":0,"17":0,"18":0},"f":{"0":0,"1":0,"2":0,"3":0,"4":0,"5":0,"6":0,"7":0,"8":0},"b":{"0":[0,0],"1":[0,0]},"_coverageSchema":"1a1c01bbd47fc00a2c39e90264f33305004495a9","hash":"39b3c8ae7af4cd52470bfea293f60548741ba83d"}
,"D:\\Аналіз та рефакторинг коду\\Project\\original_code\\P\\middleware\\isAuthenticated.js": {"path":"D:\\Аналіз та рефакторинг коду\\Project\\original_code\\P\\middleware\\isAuthenticated.js","statementMap":{"0":{"start":{"line":1,"column":0},"end":{"line":6,"column":2}},"1":{"start":{"line":2,"column":4},"end":{"line":4,"column":5}},"2":{"start":{"line":3,"column":8},"end":{"line":3,"column":22}},"3":{"start":{"line":5,"column":4},"end":{"line":5,"column":32}}},"fnMap":{"0":{"name":"(anonymous_0)","decl":{"start":{"line":1,"column":26},"end":{"line":1,"column":27}},"loc":{"start":{"line":1,"column":46},"end":{"line":6,"column":1}},"line":1}},"branchMap":{"0":{"loc":{"start":{"line":2,"column":4},"end":{"line":4,"column":5}},"type":"if","locations":[{"start":{"line":2,"column":4},"end":{"line":4,"column":5}},{"start":{},"end":{}}],"line":2}},"s":{"0":1,"1":0,"2":0,"3":0},"f":{"0":0},"b":{"0":[0,0]},"_coverageSchema":"1a1c01bbd47fc00a2c39e90264f33305004495a9","hash":"452154de9fcac4fb5b11a6f5eba3532f33f577cb"}
,"D:\\Аналіз та рефакторинг коду\\Project\\original_code\\P\\models\\CartItem.js": {"path":"D:\\Аналіз та рефакторинг коду\\Project\\original_code\\P\\models\\CartItem.js","statementMap":{"0":{"start":{"line":1,"column":22},"end":{"line":1,"column":42}},"1":{"start":{"line":2,"column":18},"end":{"line":2,"column":47}},"2":{"start":{"line":4,"column":17},"end":{"line":27,"column":2}},"3":{"start":{"line":29,"column":0},"end":{"line":29,"column":26}}},"fnMap":{},"branchMap":{},"s":{"0":2,"1":2,"2":2,"3":2},"f":{},"b":{},"_coverageSchema":"1a1c01bbd47fc00a2c39e90264f33305004495a9","hash":"76c7f94cecc427c3319a4233d5fe5a0b6094aeb6"}
,"D:\\Аналіз та рефакторинг коду\\Project\\original_code\\P\\models\\Dish.js": {"path":"D:\\Аналіз та рефакторинг коду\\Project\\original_code\\P\\models\\Dish.js","statementMap":{"0":{"start":{"line":1,"column":33},"end":{"line":1,"column":53}},"1":{"start":{"line":2,"column":18},"end":{"line":2,"column":47}},"2":{"start":{"line":4,"column":13},"end":{"line":28,"column":2}},"3":{"start":{"line":32,"column":0},"end":{"line":32,"column":22}}},"fnMap":{},"branchMap":{},"s":{"0":2,"1":2,"2":2,"3":2},"f":{},"b":{},"_coverageSchema":"1a1c01bbd47fc00a2c39e90264f33305004495a9","hash":"6f2ebcca35e3e64c6be89f26597d2c98dde41b88"}
,"D:\\Аналіз та рефакторинг коду\\Project\\original_code\\P\\models\\Inventory.js": {"path":"D:\\Аналіз та рефакторинг коду\\Project\\original_code\\P\\models\\Inventory.js","statementMap":{"0":{"start":{"line":1,"column":33},"end":{"line":1,"column":53}},"1":{"start":{"line":2,"column":18},"end":{"line":2,"column":47}},"2":{"start":{"line":4,"column":18},"end":{"line":31,"column":2}},"3":{"start":{"line":33,"column":0},"end":{"line":33,"column":27}}},"fnMap":{},"branchMap":{},"s":{"0":1,"1":1,"2":1,"3":1},"f":{},"b":{},"_coverageSchema":"1a1c01bbd47fc00a2c39e90264f33305004495a9","hash":"294b10841d7bf2debb3e030972e94e9981ee565c"}
,"D:\\Аналіз та рефакторинг коду\\Project\\original_code\\P\\models\\Order.js": {"path":"D:\\Аналіз та рефакторинг коду\\Project\\original_code\\P\\models\\Order.js","statementMap":{"0":{"start":{"line":1,"column":33},"end":{"line":1,"column":53}},"1":{"start":{"line":2,"column":18},"end":{"line":2,"column":47}},"2":{"start":{"line":4,"column":14},"end":{"line":48,"column":2}},"3":{"start":{"line":50,"column":0},"end":{"line":50,"column":23}}},"fnMap":{},"branchMap":{},"s":{"0":2,"1":2,"2":2,"3":2},"f":{},"b":{},"_coverageSchema":"1a1c01bbd47fc00a2c39e90264f33305004495a9","hash":"fc21b89406a1bb4075172720b931b90f3355cd2c"}
,"D:\\Аналіз та рефакторинг коду\\Project\\original_code\\P\\models\\Reservation.js": {"path":"D:\\Аналіз та рефакторинг коду\\Project\\original_code\\P\\models\\Reservation.js","statementMap":{"0":{"start":{"line":2,"column":33},"end":{"line":2,"column":53}},"1":{"start":{"line":3,"column":18},"end":{"line":3,"column":47}},"2":{"start":{"line":5,"column":20},"end":{"line":50,"column":1}},"3":{"start":{"line":52,"column":0},"end":{"line":52,"column":29}}},"fnMap":{},"branchMap":{},"s":{"0":3,"1":3,"2":3,"3":3},"f":{},"b":{},"_coverageSchema":"1a1c01bbd47fc00a2c39e90264f33305004495a9","hash":"c33d8f5aadc5df0345b4f0890c705b5c8c6316ca"}
,"D:\\Аналіз та рефакторинг коду\\Project\\original_code\\P\\models\\Review.js": {"path":"D:\\Аналіз та рефакторинг коду\\Project\\original_code\\P\\models\\Review.js","statementMap":{"0":{"start":{"line":1,"column":33},"end":{"line":1,"column":53}},"1":{"start":{"line":2,"column":18},"end":{"line":2,"column":47}},"2":{"start":{"line":4,"column":15},"end":{"line":21,"column":2}},"3":{"start":{"line":23,"column":0},"end":{"line":23,"column":24}}},"fnMap":{},"branchMap":{},"s":{"0":1,"1":1,"2":1,"3":1},"f":{},"b":{},"_coverageSchema":"1a1c01bbd47fc00a2c39e90264f33305004495a9","hash":"6136b6aabfbb3477a6b90f7ad522836a0602270a"}
,"D:\\Аналіз та рефакторинг коду\\Project\\original_code\\P\\models\\User.js": {"path":"D:\\Аналіз та рефакторинг коду\\Project\\original_code\\P\\models\\User.js","statementMap":{"0":{"start":{"line":1,"column":33},"end":{"line":1,"column":53}},"1":{"start":{"line":2,"column":18},"end":{"line":2,"column":47}},"2":{"start":{"line":3,"column":15},"end":{"line":3,"column":34}},"3":{"start":{"line":4,"column":17},"end":{"line":4,"column":38}},"4":{"start":{"line":6,"column":13},"end":{"line":43,"column":1}},"5":{"start":{"line":33,"column":29},"end":{"line":33,"column":53}},"6":{"start":{"line":34,"column":16},"end":{"line":34,"column":71}},"7":{"start":{"line":39,"column":16},"end":{"line":39,"column":69}},"8":{"start":{"line":45,"column":0},"end":{"line":47,"column":2}},"9":{"start":{"line":46,"column":4},"end":{"line":46,"column":57}},"10":{"start":{"line":49,"column":0},"end":{"line":49,"column":23}},"11":{"start":{"line":50,"column":0},"end":{"line":50,"column":25}},"12":{"start":{"line":52,"column":0},"end":{"line":52,"column":22}}},"fnMap":{"0":{"name":"(anonymous_0)","decl":{"start":{"line":32,"column":26},"end":{"line":32,"column":27}},"loc":{"start":{"line":32,"column":42},"end":{"line":35,"column":13}},"line":32},"1":{"name":"(anonymous_1)","decl":{"start":{"line":38,"column":27},"end":{"line":38,"column":28}},"loc":{"start":{"line":38,"column":53},"end":{"line":40,"column":13}},"line":38},"2":{"name":"(anonymous_2)","decl":{"start":{"line":45,"column":31},"end":{"line":45,"column":32}},"loc":{"start":{"line":45,"column":57},"end":{"line":47,"column":1}},"line":45}},"branchMap":{},"s":{"0":1,"1":1,"2":1,"3":1,"4":1,"5":0,"6":0,"7":0,"8":1,"9":0,"10":1,"11":1,"12":1},"f":{"0":0,"1":0,"2":0},"b":{},"_coverageSchema":"1a1c01bbd47fc00a2c39e90264f33305004495a9","hash":"7718687cf50e433ee0d0ba87cf61b98d39bd75ba"}
,"D:\\Аналіз та рефакторинг коду\\Project\\original_code\\P\\routes\\index.js": {"path":"D:\\Аналіз та рефакторинг коду\\Project\\original_code\\P\\routes\\index.js","statementMap":{"0":{"start":{"line":1,"column":16},"end":{"line":1,"column":34}},"1":{"start":{"line":2,"column":15},"end":{"line":2,"column":31}},"2":{"start":{"line":3,"column":13},"end":{"line":3,"column":38}},"3":{"start":{"line":4,"column":28},"end":{"line":4,"column":68}},"4":{"start":{"line":5,"column":14},"end":{"line":5,"column":40}},"5":{"start":{"line":6,"column":20},"end":{"line":6,"column":52}},"6":{"start":{"line":7,"column":17},"end":{"line":7,"column":46}},"7":{"start":{"line":8,"column":15},"end":{"line":8,"column":35}},"8":{"start":{"line":9,"column":20},"end":{"line":9,"column":40}},"9":{"start":{"line":10,"column":15},"end":{"line":10,"column":42}},"10":{"start":{"line":12,"column":0},"end":{"line":31,"column":3}},"11":{"start":{"line":13,"column":4},"end":{"line":30,"column":5}},"12":{"start":{"line":14,"column":23},"end":{"line":14,"column":43}},"13":{"start":{"line":17,"column":27},"end":{"line":23,"column":14}},"14":{"start":{"line":18,"column":12},"end":{"line":20,"column":13}},"15":{"start":{"line":19,"column":16},"end":{"line":19,"column":40}},"16":{"start":{"line":21,"column":12},"end":{"line":21,"column":42}},"17":{"start":{"line":22,"column":12},"end":{"line":22,"column":23}},"18":{"start":{"line":25,"column":24},"end":{"line":25,"column":75}},"19":{"start":{"line":26,"column":8},"end":{"line":26,"column":57}},"20":{"start":{"line":28,"column":8},"end":{"line":28,"column":51}},"21":{"start":{"line":29,"column":8},"end":{"line":29,"column":52}},"22":{"start":{"line":33,"column":0},"end":{"line":48,"column":3}},"23":{"start":{"line":34,"column":31},"end":{"line":34,"column":39}},"24":{"start":{"line":36,"column":4},"end":{"line":47,"column":5}},"25":{"start":{"line":38,"column":8},"end":{"line":41,"column":11}},"26":{"start":{"line":43,"column":8},"end":{"line":43,"column":26}},"27":{"start":{"line":45,"column":8},"end":{"line":45,"column":51}},"28":{"start":{"line":46,"column":8},"end":{"line":46,"column":52}},"29":{"start":{"line":51,"column":0},"end":{"line":65,"column":3}},"30":{"start":{"line":52,"column":4},"end":{"line":64,"column":5}},"31":{"start":{"line":53,"column":8},"end":{"line":55,"column":9}},"32":{"start":{"line":54,"column":12},"end":{"line":54,"column":57}},"33":{"start":{"line":57,"column":25},"end":{"line":57,"column":38}},"34":{"start":{"line":58,"column":8},"end":{"line":58,"column":58}},"35":{"start":{"line":60,"column":8},"end":{"line":60,"column":26}},"36":{"start":{"line":62,"column":8},"end":{"line":62,"column":53}},"37":{"start":{"line":63,"column":8},"end":{"line":63,"column":54}},"38":{"start":{"line":67,"column":0},"end":{"line":127,"column":3}},"39":{"start":{"line":68,"column":4},"end":{"line":126,"column":5}},"40":{"start":{"line":70,"column":25},"end":{"line":70,"column":86}},"41":{"start":{"line":73,"column":31},"end":{"line":80,"column":10}},"42":{"start":{"line":82,"column":8},"end":{"line":96,"column":9}},"43":{"start":{"line":83,"column":30},"end":{"line":83,"column":55}},"44":{"start":{"line":84,"column":24},"end":{"line":84,"column":34}},"45":{"start":{"line":85,"column":25},"end":{"line":85,"column":60}},"46":{"start":{"line":86,"column":28},"end":{"line":86,"column":52}},"47":{"start":{"line":89,"column":39},"end":{"line":89,"column":69}},"48":{"start":{"line":92,"column":12},"end":{"line":95,"column":13}},"49":{"start":{"line":93,"column":16},"end":{"line":93,"column":64}},"50":{"start":{"line":94,"column":16},"end":{"line":94,"column":35}},"51":{"start":{"line":99,"column":23},"end":{"line":106,"column":10}},"52":{"start":{"line":109,"column":29},"end":{"line":116,"column":10}},"53":{"start":{"line":118,"column":8},"end":{"line":122,"column":11}},"54":{"start":{"line":124,"column":8},"end":{"line":124,"column":59}},"55":{"start":{"line":125,"column":8},"end":{"line":125,"column":60}},"56":{"start":{"line":129,"column":0},"end":{"line":145,"column":2}},"57":{"start":{"line":130,"column":23},"end":{"line":130,"column":33}},"58":{"start":{"line":132,"column":8},"end":{"line":143,"column":9}},"59":{"start":{"line":133,"column":12},"end":{"line":138,"column":15}},"60":{"start":{"line":139,"column":12},"end":{"line":139,"column":37}},"61":{"start":{"line":141,"column":12},"end":{"line":141,"column":64}},"62":{"start":{"line":142,"column":12},"end":{"line":142,"column":65}},"63":{"start":{"line":147,"column":0},"end":{"line":157,"column":3}},"64":{"start":{"line":148,"column":4},"end":{"line":156,"column":5}},"65":{"start":{"line":149,"column":26},"end":{"line":151,"column":10}},"66":{"start":{"line":152,"column":8},"end":{"line":152,"column":63}},"67":{"start":{"line":154,"column":8},"end":{"line":154,"column":57}},"68":{"start":{"line":155,"column":8},"end":{"line":155,"column":58}},"69":{"start":{"line":159,"column":0},"end":{"line":159,"column":24}}},"fnMap":{"0":{"name":"(anonymous_0)","decl":{"start":{"line":12,"column":16},"end":{"line":12,"column":17}},"loc":{"start":{"line":12,"column":36},"end":{"line":31,"column":1}},"line":12},"1":{"name":"(anonymous_1)","decl":{"start":{"line":17,"column":41},"end":{"line":17,"column":42}},"loc":{"start":{"line":17,"column":56},"end":{"line":23,"column":9}},"line":17},"2":{"name":"(anonymous_2)","decl":{"start":{"line":33,"column":24},"end":{"line":33,"column":25}},"loc":{"start":{"line":33,"column":44},"end":{"line":48,"column":1}},"line":33},"3":{"name":"(anonymous_3)","decl":{"start":{"line":51,"column":30},"end":{"line":51,"column":31}},"loc":{"start":{"line":51,"column":50},"end":{"line":65,"column":1}},"line":51},"4":{"name":"(anonymous_4)","decl":{"start":{"line":67,"column":40},"end":{"line":67,"column":41}},"loc":{"start":{"line":67,"column":60},"end":{"line":127,"column":1}},"line":67},"5":{"name":"(anonymous_5)","decl":{"start":{"line":129,"column":63},"end":{"line":129,"column":64}},"loc":{"start":{"line":129,"column":83},"end":{"line":144,"column":5}},"line":129},"6":{"name":"(anonymous_6)","decl":{"start":{"line":147,"column":37},"end":{"line":147,"column":38}},"loc":{"start":{"line":147,"column":57},"end":{"line":157,"column":1}},"line":147}},"branchMap":{"0":{"loc":{"start":{"line":18,"column":12},"end":{"line":20,"column":13}},"type":"if","locations":[{"start":{"line":18,"column":12},"end":{"line":20,"column":13}},{"start":{},"end":{}}],"line":18},"1":{"loc":{"start":{"line":53,"column":8},"end":{"line":55,"column":9}},"type":"if","locations":[{"start":{"line":53,"column":8},"end":{"line":55,"column":9}},{"start":{},"end":{}}],"line":53},"2":{"loc":{"start":{"line":53,"column":12},"end":{"line":53,"column":42}},"type":"binary-expr","locations":[{"start":{"line":53,"column":12},"end":{"line":53,"column":21}},{"start":{"line":53,"column":25},"end":{"line":53,"column":42}}],"line":53},"3":{"loc":{"start":{"line":92,"column":12},"end":{"line":95,"column":13}},"type":"if","locations":[{"start":{"line":92,"column":12},"end":{"line":95,"column":13}},{"start":{},"end":{}}],"line":92},"4":{"loc":{"start":{"line":92,"column":16},"end":{"line":92,"column":99}},"type":"binary-expr","locations":[{"start":{"line":92,"column":16},"end":{"line":92,"column":55}},{"start":{"line":92,"column":59},"end":{"line":92,"column":99}}],"line":92}},"s":{"0":1,"1":1,"2":1,"3":1,"4":1,"5":1,"6":1,"7":1,"8":1,"9":1,"10":1,"11":1,"12":1,"13":1,"14":0,"15":0,"16":0,"17":0,"18":1,"19":1,"20":0,"21":0,"22":1,"23":0,"24":0,"25":0,"26":0,"27":0,"28":0,"29":1,"30":0,"31":0,"32":0,"33":0,"34":0,"35":0,"36":0,"37":0,"38":1,"39":0,"40":0,"41":0,"42":0,"43":0,"44":0,"45":0,"46":0,"47":0,"48":0,"49":0,"50":0,"51":0,"52":0,"53":0,"54":0,"55":0,"56":1,"57":0,"58":0,"59":0,"60":0,"61":0,"62":0,"63":1,"64":0,"65":0,"66":0,"67":0,"68":0,"69":1},"f":{"0":1,"1":0,"2":0,"3":0,"4":0,"5":0,"6":0},"b":{"0":[0,0],"1":[0,0],"2":[0,0],"3":[0,0],"4":[0,0]},"_coverageSchema":"1a1c01bbd47fc00a2c39e90264f33305004495a9","hash":"8e21dceece6048fcfeb164867ee6bf7478d6d7de"}
}
